<?xml version="1.0" encoding="UTF-8"?>
<!-- Generated by org.testng.reporters.JUnitReportReporter -->
<testsuite hostname="Asfak" failures="0" tests="1" name="com.quander.testscript.CreateCampaign" time="0.010" errors="0" timestamp="2024-12-26T12:27:06 IST" skipped="0">
  <testcase classname="com.quander.testscript.CreateCampaign" name="createCampaign" time="0.010">
    <system-out>
      <![CDATA[CreateCampaigh]]>
    </system-out>
  </testcase> <!-- createCampaign -->
  <system-out>
    <![CDATA[CreateCampaigh]]>
  </system-out>
</testsuite> <!-- com.quander.testscript.CreateCampaign -->
