<?xml version="1.0" encoding="UTF-8"?>
<testng-results ignored="0" total="1" passed="1" failed="0" skipped="0">
  <reporter-output>
  </reporter-output>
  <suite started-at="2024-12-25T23:33:29 IST" name="Default suite" finished-at="2024-12-25T23:33:41 IST" duration-ms="11642">
    <groups>
    </groups>
    <test started-at="2024-12-25T23:33:29 IST" name="Default test" finished-at="2024-12-25T23:33:41 IST" duration-ms="11642">
      <class name="com.quander.testscript.CreatePurchaseOrder">
        <test-method is-config="true" signature="openBrowser()[pri:0, instance:com.quander.testscript.CreatePurchaseOrder@6f03482]" started-at="2024-12-25T23:33:29 IST" name="openBrowser" finished-at="2024-12-25T23:33:31 IST" duration-ms="1985" status="PASS">
          <reporter-output>
          </reporter-output>
        </test-method> <!-- openBrowser -->
        <test-method is-config="true" signature="login()[pri:0, instance:com.quander.testscript.CreatePurchaseOrder@6f03482]" started-at="2024-12-25T23:33:31 IST" name="login" finished-at="2024-12-25T23:33:32 IST" duration-ms="319" status="PASS">
          <reporter-output>
          </reporter-output>
        </test-method> <!-- login -->
        <test-method signature="createPurchaseOrder()[pri:0, instance:com.quander.testscript.CreatePurchaseOrder@6f03482]" started-at="2024-12-25T23:33:32 IST" name="createPurchaseOrder" finished-at="2024-12-25T23:33:38 IST" duration-ms="6788" status="PASS">
          <reporter-output>
          </reporter-output>
        </test-method> <!-- createPurchaseOrder -->
        <test-method is-config="true" signature="logout()[pri:0, instance:com.quander.testscript.CreatePurchaseOrder@6f03482]" started-at="2024-12-25T23:33:38 IST" name="logout" finished-at="2024-12-25T23:33:41 IST" duration-ms="2230" status="PASS">
          <reporter-output>
          </reporter-output>
        </test-method> <!-- logout -->
        <test-method is-config="true" signature="closeBrowser()[pri:0, instance:com.quander.testscript.CreatePurchaseOrder@6f03482]" started-at="2024-12-25T23:33:41 IST" name="closeBrowser" finished-at="2024-12-25T23:33:41 IST" duration-ms="267" status="PASS">
          <reporter-output>
          </reporter-output>
        </test-method> <!-- closeBrowser -->
      </class> <!-- com.quander.testscript.CreatePurchaseOrder -->
    </test> <!-- Default test -->
  </suite> <!-- Default suite -->
</testng-results>
