<?xml version="1.0" encoding="UTF-8"?>
<testng-results ignored="0" total="1" passed="1" failed="0" skipped="0">
  <reporter-output>
    <line>
      <![CDATA[CreateCampaigh]]>
    </line>
  </reporter-output>
  <suite started-at="2024-12-26T12:27:05 IST" name="Suite" finished-at="2024-12-26T12:27:05 IST" duration-ms="49">
    <groups>
    </groups>
    <test started-at="2024-12-26T12:27:05 IST" name="Test" finished-at="2024-12-26T12:27:05 IST" duration-ms="49">
      <class name="com.quander.testscript.CreateCampaign">
        <test-method signature="createCampaign()[pri:0, instance:com.quander.testscript.CreateCampaign@71d44a3]" started-at="2024-12-26T12:27:05 IST" name="createCampaign" finished-at="2024-12-26T12:27:05 IST" duration-ms="10" status="PASS">
          <reporter-output>
            <line>
              <![CDATA[CreateCampaigh]]>
            </line>
          </reporter-output>
        </test-method> <!-- createCampaign -->
      </class> <!-- com.quander.testscript.CreateCampaign -->
    </test> <!-- Test -->
  </suite> <!-- Suite -->
</testng-results>
